<?xml version="1.0" encoding="UTF-8"?>
<testng-results ignored="0" total="11" passed="11" failed="0" skipped="0">
  <reporter-output>
  </reporter-output>
  <suite started-at="2024-10-07T02:57:36 IST" name="Default suite" finished-at="2024-10-07T02:57:53 IST" duration-ms="16662">
    <groups>
    </groups>
    <test started-at="2024-10-07T02:57:36 IST" name="Default test" finished-at="2024-10-07T02:57:53 IST" duration-ms="16662">
      <class name="testcase.Tests">
        <test-method is-config="true" signature="setup()[pri:0, instance:testcase.Tests@75437611]" started-at="2024-10-07T02:57:36 IST" name="setup" finished-at="2024-10-07T02:57:39 IST" duration-ms="2877" status="PASS">
          <reporter-output>
          </reporter-output>
        </test-method> <!-- setup -->
        <test-method signature="addTaskWithSpace()[pri:0, instance:testcase.Tests@75437611]" started-at="2024-10-07T02:57:39 IST" name="addTaskWithSpace" finished-at="2024-10-07T02:57:39 IST" duration-ms="50" status="PASS">
          <reporter-output>
          </reporter-output>
        </test-method> <!-- addTaskWithSpace -->
        <test-method signature="addTasks(java.lang.String)[pri:0, instance:testcase.Tests@75437611]" started-at="2024-10-07T02:57:39 IST" name="addTasks" data-provider="tasks" finished-at="2024-10-07T02:57:41 IST" duration-ms="2259" status="PASS">
          <params>
            <param index="0">
              <value>
                <![CDATA[KT for new joiner]]>
              </value>
            </param>
          </params>
          <reporter-output>
          </reporter-output>
        </test-method> <!-- addTasks -->
        <test-method signature="addTasks(java.lang.String)[pri:0, instance:testcase.Tests@75437611]" started-at="2024-10-07T02:57:41 IST" name="addTasks" data-provider="tasks" finished-at="2024-10-07T02:57:43 IST" duration-ms="2171" status="PASS">
          <params>
            <param index="0">
              <value>
                <![CDATA[Assignment complete]]>
              </value>
            </param>
          </params>
          <reporter-output>
          </reporter-output>
        </test-method> <!-- addTasks -->
        <test-method signature="addTasks(java.lang.String)[pri:0, instance:testcase.Tests@75437611]" started-at="2024-10-07T02:57:43 IST" name="addTasks" data-provider="tasks" finished-at="2024-10-07T02:57:46 IST" duration-ms="2164" status="PASS">
          <params>
            <param index="0">
              <value>
                <![CDATA[Submit Timesheet]]>
              </value>
            </param>
          </params>
          <reporter-output>
          </reporter-output>
        </test-method> <!-- addTasks -->
        <test-method signature="addTasks(java.lang.String)[pri:0, instance:testcase.Tests@75437611]" started-at="2024-10-07T02:57:46 IST" name="addTasks" data-provider="tasks" finished-at="2024-10-07T02:57:48 IST" duration-ms="2202" status="PASS">
          <params>
            <param index="0">
              <value>
                <![CDATA[Check All Task Completed]]>
              </value>
            </param>
          </params>
          <reporter-output>
          </reporter-output>
        </test-method> <!-- addTasks -->
        <test-method signature="addEmptyTask()[pri:0, instance:testcase.Tests@75437611]" started-at="2024-10-07T02:57:48 IST" name="addEmptyTask" finished-at="2024-10-07T02:57:48 IST" duration-ms="15" status="PASS">
          <reporter-output>
          </reporter-output>
        </test-method> <!-- addEmptyTask -->
        <test-method signature="deleteTask()[pri:0, instance:testcase.Tests@75437611]" started-at="2024-10-07T02:57:48 IST" name="deleteTask" finished-at="2024-10-07T02:57:50 IST" depends-on-methods="testcase.Tests.addTasks" duration-ms="2142" status="PASS">
          <reporter-output>
          </reporter-output>
        </test-method> <!-- deleteTask -->
        <test-method signature="markAsCompleteTasks()[pri:0, instance:testcase.Tests@75437611]" started-at="2024-10-07T02:57:50 IST" name="markAsCompleteTasks" finished-at="2024-10-07T02:57:52 IST" depends-on-methods="testcase.Tests.addTasks" duration-ms="2077" status="PASS">
          <reporter-output>
          </reporter-output>
        </test-method> <!-- markAsCompleteTasks -->
        <test-method signature="filterActiveTab()[pri:0, instance:testcase.Tests@75437611]" started-at="2024-10-07T02:57:52 IST" name="filterActiveTab" finished-at="2024-10-07T02:57:52 IST" depends-on-methods="testcase.Tests.markAsCompleteTasks" duration-ms="197" status="PASS">
          <reporter-output>
          </reporter-output>
        </test-method> <!-- filterActiveTab -->
        <test-method signature="filterCompletedTab()[pri:0, instance:testcase.Tests@75437611]" started-at="2024-10-07T02:57:52 IST" name="filterCompletedTab" finished-at="2024-10-07T02:57:52 IST" depends-on-methods="testcase.Tests.markAsCompleteTasks" duration-ms="120" status="PASS">
          <reporter-output>
          </reporter-output>
        </test-method> <!-- filterCompletedTab -->
        <test-method signature="clearCompletedTask()[pri:0, instance:testcase.Tests@75437611]" started-at="2024-10-07T02:57:52 IST" name="clearCompletedTask" finished-at="2024-10-07T02:57:52 IST" depends-on-methods="testcase.Tests.filterActiveTab" duration-ms="179" status="PASS">
          <reporter-output>
          </reporter-output>
        </test-method> <!-- clearCompletedTask -->
        <test-method is-config="true" signature="teardown()[pri:0, instance:testcase.Tests@75437611]" started-at="2024-10-07T02:57:52 IST" name="teardown" finished-at="2024-10-07T02:57:53 IST" duration-ms="128" status="PASS">
          <reporter-output>
          </reporter-output>
        </test-method> <!-- teardown -->
      </class> <!-- testcase.Tests -->
    </test> <!-- Default test -->
  </suite> <!-- Default suite -->
</testng-results>
