<?xml version="1.0" encoding="UTF-8"?>
<!-- Generated by org.testng.reporters.JUnitXMLReporter -->
<testsuite ignored="0" hostname="LAPTOP-TA0PI2NF" failures="0" tests="11" name="Default test" time="16.662" errors="0" timestamp="2024-10-07T02:57:53 IST">
  <testcase classname="testcase.Tests" name="addTaskWithSpace" time="0.05"/>
  <testcase classname="testcase.Tests" name="addTasks" time="2.259"/>
  <testcase classname="testcase.Tests" name="addTasks" time="2.171"/>
  <testcase classname="testcase.Tests" name="addTasks" time="2.164"/>
  <testcase classname="testcase.Tests" name="addTasks" time="2.202"/>
  <testcase classname="testcase.Tests" name="addEmptyTask" time="0.015"/>
  <testcase classname="testcase.Tests" name="deleteTask" time="2.142"/>
  <testcase classname="testcase.Tests" name="markAsCompleteTasks" time="2.077"/>
  <testcase classname="testcase.Tests" name="filterActiveTab" time="0.197"/>
  <testcase classname="testcase.Tests" name="filterCompletedTab" time="0.12"/>
  <testcase classname="testcase.Tests" name="clearCompletedTask" time="0.179"/>
</testsuite> <!-- Default test -->
